TN:
SF:src/controllers/authController.js
FN:5,(anonymous_0)
FN:27,(anonymous_1)
FNF:2
FNH:2
FNDA:3,(anonymous_0)
FNDA:4,(anonymous_1)
DA:1,1
DA:2,1
DA:6,3
DA:8,3
DA:9,3
DA:10,2
DA:11,1
DA:14,1
DA:16,1
DA:18,1
DA:20,1
DA:28,4
DA:30,4
DA:31,4
DA:32,3
DA:33,1
DA:36,2
DA:37,2
DA:38,1
DA:41,1
DA:42,1
DA:44,1
DA:52,1
LF:23
LH:23
BRDA:10,0,0,1
BRDA:10,0,1,1
BRDA:32,1,0,1
BRDA:32,1,1,2
BRDA:37,2,0,1
BRDA:37,2,1,1
BRF:6
BRH:6
end_of_record
TN:
SF:src/controllers/productController.js
FN:5,(anonymous_0)
FN:17,(anonymous_1)
FN:32,(anonymous_2)
FN:52,(anonymous_3)
FNF:4
FNH:4
FNDA:3,(anonymous_0)
FNDA:2,(anonymous_1)
FNDA:4,(anonymous_2)
FNDA:4,(anonymous_3)
DA:1,1
DA:2,1
DA:6,3
DA:7,3
DA:8,2
DA:9,1
DA:11,1
DA:13,1
DA:18,2
DA:19,2
DA:20,2
DA:21,1
DA:26,1
DA:33,4
DA:34,4
DA:36,4
DA:37,4
DA:38,1
DA:42,3
DA:43,2
DA:44,1
DA:46,1
DA:48,1
DA:53,4
DA:54,4
DA:55,4
DA:56,1
DA:61,3
DA:62,2
DA:63,1
DA:65,1
DA:67,1
DA:72,1
LF:33
LH:33
BRDA:8,0,0,1
BRDA:8,0,1,1
BRDA:37,1,0,1
BRDA:37,1,1,3
BRDA:43,2,0,1
BRDA:43,2,1,1
BRDA:55,3,0,1
BRDA:55,3,1,3
BRDA:62,4,0,1
BRDA:62,4,1,1
BRF:10
BRH:10
end_of_record
TN:
SF:src/middlewares/authMiddleware.js
FN:3,(anonymous_0)
FNF:1
FNH:1
FNDA:4,(anonymous_0)
DA:1,1
DA:3,1
DA:4,4
DA:6,4
DA:7,1
DA:10,3
DA:11,3
DA:12,2
DA:13,2
DA:14,2
DA:16,1
DA:20,1
LF:12
LH:12
BRDA:6,0,0,1
BRDA:6,0,1,3
BRF:2
BRH:2
end_of_record
TN:
SF:src/models/Products.js
FNF:0
FNH:0
DA:1,1
DA:3,1
DA:14,1
DA:16,1
LF:4
LH:4
BRF:0
BRH:0
end_of_record
TN:
SF:src/models/User.js
FN:13,(anonymous_0)
FN:22,(anonymous_1)
FNF:2
FNH:0
FNDA:0,(anonymous_0)
FNDA:0,(anonymous_1)
DA:1,1
DA:2,1
DA:4,1
DA:13,1
DA:14,0
DA:15,0
DA:17,0
DA:18,0
DA:19,0
DA:22,1
DA:23,0
DA:26,1
DA:27,1
LF:13
LH:7
BRDA:14,0,0,0
BRDA:14,0,1,0
BRF:2
BRH:0
end_of_record
